\BOOKMARK [1][-]{section.1}{\376\377\000I\000n\000t\000r\000o\000d\000u\000c\000t\000i\000o\000n}{}% 1
\BOOKMARK [2][-]{subsection.1.1}{\376\377\000G\000o\000a\000l}{section.1}% 2
\BOOKMARK [2][-]{subsection.1.2}{\376\377\000T\000h\000e\000o\000r\000y}{section.1}% 3
\BOOKMARK [3][-]{subsubsection.1.2.1}{\376\377\000C\000l\000a\000s\000s\000i\000c\000a\000l\000\040\000T\000h\000e\000o\000r\000y\000\040\000I\000n\000t\000e\000r\000p\000r\000e\000t\000a\000t\000i\000o\000n}{subsection.1.2}% 4
\BOOKMARK [3][-]{subsubsection.1.2.2}{\376\377\000Q\000u\000a\000n\000t\000u\000m\000\040\000T\000h\000e\000o\000r\000y\000\040\000I\000n\000t\000e\000r\000p\000r\000e\000t\000a\000t\000i\000o\000n}{subsection.1.2}% 5
\BOOKMARK [1][-]{section.2}{\376\377\000E\000x\000p\000e\000r\000i\000m\000e\000n\000t\000a\000l\000\040\000D\000e\000t\000a\000i\000l\000s}{}% 6
\BOOKMARK [2][-]{subsection.2.1}{\376\377\000E\000q\000u\000i\000p\000m\000e\000n\000t}{section.2}% 7
\BOOKMARK [3][-]{subsubsection.2.1.1}{\376\377\000M\000e\000r\000c\000u\000r\000y\000\040\000L\000a\000m\000p}{subsection.2.1}% 8
\BOOKMARK [3][-]{subsubsection.2.1.2}{\376\377\000O\000p\000t\000i\000c\000a\000l\000\040\000E\000l\000e\000m\000e\000n\000t\000s}{subsection.2.1}% 9
\BOOKMARK [4][-]{paragraph.2.1.2.1}{\376\377\000A\000p\000e\000r\000t\000u\000r\000e}{subsubsection.2.1.2}% 10
\BOOKMARK [4][-]{paragraph.2.1.2.2}{\376\377\000O\000p\000t\000i\000c\000a\000l\000\040\000F\000i\000l\000t\000e\000r}{subsubsection.2.1.2}% 11
\BOOKMARK [3][-]{subsubsection.2.1.3}{\376\377\000P\000h\000o\000t\000o\000t\000u\000b\000e}{subsection.2.1}% 12
\BOOKMARK [2][-]{subsection.2.2}{\376\377\000P\000r\000o\000c\000e\000d\000u\000r\000e}{section.2}% 13
\BOOKMARK [3][-]{subsubsection.2.2.1}{\376\377\000C\000a\000l\000i\000b\000r\000a\000t\000i\000o\000n\000\040\000P\000r\000o\000c\000e\000d\000u\000r\000e}{subsection.2.2}% 14
\BOOKMARK [3][-]{subsubsection.2.2.2}{\376\377\000E\000x\000p\000e\000r\000i\000m\000e\000n\000t\000\040\000P\000r\000o\000c\000e\000d\000u\000r\000e}{subsection.2.2}% 15
\BOOKMARK [1][-]{section.3}{\376\377\000M\000e\000a\000s\000u\000r\000e\000m\000e\000n\000t\000\040\000A\000n\000d\000\040\000D\000a\000t\000a\000\040\000A\000n\000a\000l\000y\000s\000i\000s}{}% 16
\BOOKMARK [2][-]{subsection.3.1}{\376\377\000P\000r\000e\000s\000e\000n\000t\000a\000t\000i\000o\000n\000\040\000O\000f\000\040\000D\000a\000t\000a}{section.3}% 17
\BOOKMARK [2][-]{subsection.3.2}{\376\377\000C\000a\000l\000c\000u\000l\000a\000t\000i\000o\000n\000s}{section.3}% 18
\BOOKMARK [1][-]{section.4}{\376\377\000R\000e\000s\000u\000l\000t\000s\000\040\000A\000n\000d\000\040\000D\000i\000s\000c\000u\000s\000s\000i\000o\000n}{}% 19
\BOOKMARK [2][-]{subsection.4.1}{\376\377\000D\000i\000s\000c\000u\000s\000s\000i\000o\000n\000\040\000O\000f\000\040\000R\000e\000s\000u\000l\000t\000s}{section.4}% 20
\BOOKMARK [2][-]{subsection.4.2}{\376\377\000D\000i\000s\000c\000u\000s\000s\000i\000o\000n\000\040\000O\000f\000\040\000E\000r\000r\000o\000r\000s}{section.4}% 21
