\BOOKMARK [1][-]{section.1}{\376\377\000I\000n\000t\000r\000o\000d\000u\000c\000t\000i\000o\000n}{}% 1
\BOOKMARK [2][-]{subsection.1.1}{\376\377\000G\000o\000a\000l}{section.1}% 2
\BOOKMARK [2][-]{subsection.1.2}{\376\377\000T\000h\000e\000o\000r\000y}{section.1}% 3
\BOOKMARK [3][-]{paragraph.1.2.0.1}{\376\377\000T\000h\000o\000m\000s\000o\000n\000\040\000S\000c\000a\000t\000t\000e\000r\000i\000n\000g\000\040\000-\000\040\000C\000l\000a\000s\000s\000i\000c\000a\000l\000\040\000E\000l\000e\000c\000t\000r\000o\000m\000a\000g\000n\000e\000t\000i\000c\000\040\000T\000h\000e\000o\000r\000y}{subsection.1.2}% 4
\BOOKMARK [4][-]{paragraph.1.2.0.2}{\376\377\000C\000o\000m\000p\000t\000o\000n\000\040\000S\000c\000a\000t\000t\000e\000r\000i\000n\000g\000\040\000-\000\040\000P\000a\000r\000t\000i\000c\000l\000e\000\040\000P\000r\000o\000p\000e\000r\000t\000i\000e\000s\000\040\000O\000f\000\040\000L\000i\000g\000h\000t}{paragraph.1.2.0.1}% 5
\BOOKMARK [4][-]{paragraph.1.2.0.3}{\376\377\000B\000r\000i\000d\000g\000i\000n\000g\000\040\000T\000h\000e\000\040\000G\000a\000p}{paragraph.1.2.0.1}% 6
\BOOKMARK [1][-]{section.2}{\376\377\000E\000x\000p\000e\000r\000i\000m\000e\000n\000t\000a\000l\000\040\000D\000e\000t\000a\000i\000l\000s}{}% 7
\BOOKMARK [2][-]{subsection.2.1}{\376\377\000E\000q\000u\000i\000p\000m\000e\000n\000t}{section.2}% 8
\BOOKMARK [3][-]{subsubsection.2.1.1}{\376\377\000M\000u\000l\000t\000i\000\040\000C\000h\000a\000n\000n\000e\000l\000\040\000A\000n\000a\000l\000y\000z\000e\000r}{subsection.2.1}% 9
\BOOKMARK [3][-]{subsubsection.2.1.2}{\376\377\000R\000a\000d\000i\000o\000a\000c\000t\000i\000v\000e\000\040\000S\000o\000u\000r\000c\000e}{subsection.2.1}% 10
\BOOKMARK [4][-]{paragraph.2.1.2.1}{\376\377\000C\000S\000\040\000-\000\040\0001\0003\0007\000,\000\040\0003\0007\000\040\000k\000B\000q}{subsubsection.2.1.2}% 11
\BOOKMARK [4][-]{paragraph.2.1.2.2}{\376\377\000C\000S\000\040\000-\000\040\0001\0003\0007\000,\000\040\0001\0008\000.\0005\000\040\000M\000B\000q}{subsubsection.2.1.2}% 12
\BOOKMARK [3][-]{subsubsection.2.1.3}{\376\377\000G\000a\000m\000m\000a\000\040\000D\000e\000t\000e\000c\000t\000o\000r}{subsection.2.1}% 13
\BOOKMARK [4][-]{paragraph.2.1.3.1}{\376\377\000S\000c\000i\000n\000t\000i\000l\000l\000a\000t\000o\000r}{subsubsection.2.1.3}% 14
\BOOKMARK [4][-]{paragraph.2.1.3.2}{\376\377\000P\000h\000o\000t\000o\000m\000u\000l\000t\000i\000p\000l\000i\000e\000r\000\040\000T\000u\000b\000e}{subsubsection.2.1.3}% 15
\BOOKMARK [4][-]{paragraph.2.1.3.3}{\376\377\000O\000p\000e\000r\000a\000t\000i\000n\000g\000\040\000U\000n\000i\000t}{subsubsection.2.1.3}% 16
\BOOKMARK [3][-]{subsubsection.2.1.4}{\376\377\000I\000r\000o\000n\000\040\000R\000o\000d}{subsection.2.1}% 17
\BOOKMARK [3][-]{subsubsection.2.1.5}{\376\377\000L\000e\000a\000d\000\040\000B\000l\000o\000c\000k}{subsection.2.1}% 18
\BOOKMARK [2][-]{subsection.2.2}{\376\377\000P\000r\000o\000c\000e\000d\000u\000r\000e}{section.2}% 19
\BOOKMARK [3][-]{subsubsection.2.2.1}{\376\377\000C\000a\000l\000i\000b\000r\000a\000t\000i\000o\000n\000\040\000P\000r\000o\000c\000e\000d\000u\000r\000e}{subsection.2.2}% 20
\BOOKMARK [3][-]{subsubsection.2.2.2}{\376\377\000E\000x\000p\000e\000r\000i\000m\000e\000n\000t\000\040\000P\000r\000o\000c\000e\000d\000u\000r\000e}{subsection.2.2}% 21
\BOOKMARK [1][-]{section.3}{\376\377\000M\000e\000a\000s\000u\000r\000e\000m\000e\000n\000t\000\040\000A\000n\000d\000\040\000D\000a\000t\000a\000\040\000A\000n\000a\000l\000y\000s\000i\000s}{}% 22
\BOOKMARK [2][-]{subsection.3.1}{\376\377\000P\000r\000e\000s\000e\000n\000t\000a\000t\000i\000o\000n\000\040\000O\000f\000\040\000D\000a\000t\000a}{section.3}% 23
\BOOKMARK [3][-]{paragraph.3.1.0.1}{\376\377\000C\000a\000l\000i\000b\000r\000a\000t\000i\000o\000n}{subsection.3.1}% 24
\BOOKMARK [4][-]{paragraph.3.1.0.2}{\376\377\000M\000a\000i\000n}{paragraph.3.1.0.1}% 25
\BOOKMARK [2][-]{subsection.3.2}{\376\377\000C\000a\000l\000c\000u\000l\000a\000t\000i\000o\000n\000s}{section.3}% 26
\BOOKMARK [1][-]{section.4}{\376\377\000R\000e\000s\000u\000l\000t\000s\000\040\000A\000n\000d\000\040\000D\000i\000s\000c\000u\000s\000s\000i\000o\000n}{}% 27
\BOOKMARK [2][-]{subsection.4.1}{\376\377\000D\000i\000s\000c\000u\000s\000s\000i\000o\000n\000\040\000O\000f\000\040\000R\000e\000s\000u\000l\000t\000s}{section.4}% 28
\BOOKMARK [2][-]{subsection.4.2}{\376\377\000D\000i\000s\000c\000u\000s\000s\000i\000o\000n\000\040\000O\000f\000\040\000E\000r\000r\000o\000r\000s}{section.4}% 29
\BOOKMARK [3][-]{subsubsection.4.2.1}{\376\377\000M\000a\000i\000n\000\040\000S\000o\000u\000r\000c\000e\000s\000\040\000O\000f\000\040\000E\000r\000r\000o\000r\000s}{subsection.4.2}% 30
\BOOKMARK [4][-]{paragraph.4.2.1.1}{\376\377\000A\000n\000g\000l\000e\000\040\000A\000r\000r\000a\000n\000g\000e\000m\000e\000n\000t}{subsubsection.4.2.1}% 31
\BOOKMARK [4][-]{paragraph.4.2.1.2}{\376\377\000S\000h\000i\000e\000l\000d\000i\000n\000g}{subsubsection.4.2.1}% 32
\BOOKMARK [3][-]{subsubsection.4.2.2}{\376\377\000E\000r\000r\000o\000r\000\040\000M\000i\000t\000i\000g\000a\000t\000i\000o\000n}{subsection.4.2}% 33
